<?xml version="1.0" encoding="utf-8"?><testsuites name="pytest tests"><testsuite name="pytest" errors="0" failures="0" skipped="0" tests="22" time="3.270" timestamp="2026-05-06T20:11:15.883419+00:00" hostname="agent-env-c6736bfa-873e-4896-bc63-22ede98f49c1"><testcase classname="backend.tests.test_iteration_2.TestEmployeesIncludeExited" name="test_default_excludes_exited" time="0.595" /><testcase classname="backend.tests.test_iteration_2.TestEmployeesIncludeExited" name="test_include_exited_true" time="0.079" /><testcase classname="backend.tests.test_iteration_2.TestEmployeeProfile" name="test_hr_can_view_any_profile" time="0.144" /><testcase classname="backend.tests.test_iteration_2.TestEmployeeProfile" name="test_employee_can_view_self" time="0.526" /><testcase classname="backend.tests.test_iteration_2.TestEmployeeProfile" name="test_employee_cannot_view_other" time="0.157" /><testcase classname="backend.tests.test_iteration_2.TestForms" name="test_list_32_forms" time="0.069" /><testcase classname="backend.tests.test_iteration_2.TestForms" name="test_form_22" time="0.065" /><testcase classname="backend.tests.test_iteration_2.TestForms" name="test_form_23" time="0.068" /><testcase classname="backend.tests.test_iteration_2.TestForms" name="test_form_04_likert" time="0.070" /><testcase classname="backend.tests.test_iteration_2.TestForms" name="test_form_09_pip_smart" time="0.064" /><testcase classname="backend.tests.test_iteration_2.TestForms" name="test_form_03_submit_full_quiz" time="0.125" /><testcase classname="backend.tests.test_iteration_2.TestStayInterviews" name="test_list_has_seeded" time="0.062" /><testcase classname="backend.tests.test_iteration_2.TestStayInterviews" name="test_create" time="0.061" /><testcase classname="backend.tests.test_iteration_2.TestStayInterviews" name="test_update_to_completed" time="0.069" /><testcase classname="backend.tests.test_iteration_2.TestStayInterviews" name="test_employee_forbidden" time="0.070" /><testcase classname="backend.tests.test_iteration_2.TestNotifications" name="test_list_has_4_seeded" time="0.063" /><testcase classname="backend.tests.test_iteration_2.TestNotifications" name="test_mark_read_decreases_unread" time="0.209" /><testcase classname="backend.tests.test_iteration_2.TestSettingsEmail" name="test_email_test_skipped_when_no_provider" time="0.084" /><testcase classname="backend.tests.test_iteration_2.TestSettingsEmail" name="test_email_test_employee_forbidden" time="0.080" /><testcase classname="backend.tests.test_iteration_2.TestSettingsEmail" name="test_put_sendgrid_settings_masks_key" time="0.135" /><testcase classname="backend.tests.test_iteration_2.TestResetDemoData" name="test_employee_forbidden" time="0.077" /><testcase classname="backend.tests.test_iteration_2.TestResetDemoData" name="test_reset_and_verify_seed_counts" time="0.305" /></testsuite></testsuites>