<?xml version="1.0" encoding="utf-8"?><testsuites name="pytest tests"><testsuite name="pytest" errors="0" failures="0" skipped="0" tests="13" time="8.153" timestamp="2026-05-13T13:14:44.798075+00:00" hostname="agent-env-c6736bfa-873e-4896-bc63-22ede98f49c1"><testcase classname="backend.tests.test_iteration_12.TestEmployeeMe" name="test_me_md_has_board_chair" time="0.539" /><testcase classname="backend.tests.test_iteration_12.TestEmployeeMe" name="test_me_employee_has_lm_name" time="1.122" /><testcase classname="backend.tests.test_iteration_12.TestEmployeeMe" name="test_me_board_chair" time="0.390" /><testcase classname="backend.tests.test_iteration_12.TestBoardChairLinkage" name="test_board_chair_exists" time="1.168" /><testcase classname="backend.tests.test_iteration_12.TestCreateEmployeeMandatoryLM" name="test_missing_lm_returns_422" time="0.371" /><testcase classname="backend.tests.test_iteration_12.TestCreateEmployeeMandatoryLM" name="test_bad_lm_returns_400" time="0.627" /><testcase classname="backend.tests.test_iteration_12.TestCreateEmployeeMandatoryLM" name="test_valid_lm_succeeds" time="0.558" /><testcase classname="backend.tests.test_iteration_12.TestRoleGatingRegression" name="test_solver_employees_empty" time="0.398" /><testcase classname="backend.tests.test_iteration_12.TestRoleGatingRegression" name="test_hr_admin_cannot_fetch_md" time="0.789" /><testcase classname="backend.tests.test_iteration_12.TestBudgetRegression" name="test_hr_admin_can_read_envelope" time="0.388" /><testcase classname="backend.tests.test_iteration_12.TestBudgetRegression" name="test_finance_can_read_envelope" time="0.466" /><testcase classname="backend.tests.test_iteration_12.TestBudgetRegression" name="test_hr_admin_cannot_post_gp_record" time="0.399" /><testcase classname="backend.tests.test_iteration_12.TestLeaveCreate" name="test_employee_apply_leave_auto_lm" time="0.864" /></testsuite></testsuites>