<?xml version="1.0" encoding="utf-8"?><testsuites name="pytest tests"><testsuite name="pytest" errors="0" failures="0" skipped="0" tests="18" time="11.393" timestamp="2026-05-13T13:47:46.711963+00:00" hostname="agent-env-c6736bfa-873e-4896-bc63-22ede98f49c1"><testcase classname="backend.tests.test_iteration_14.TestLineManagerWidget" name="test_manager_widget_shape_and_team" time="0.532" /><testcase classname="backend.tests.test_iteration_14.TestLineManagerWidget" name="test_solver_widget_forbidden" time="0.400" /><testcase classname="backend.tests.test_iteration_14.TestLineManagerWidget" name="test_hr_admin_widget_ok" time="0.381" /><testcase classname="backend.tests.test_iteration_14.TestLineManagerWidget" name="test_it_admin_widget_ok" time="0.394" /><testcase classname="backend.tests.test_iteration_14.TestEmployeesScope" name="test_manager_sees_only_self_plus_direct_reports" time="0.376" /><testcase classname="backend.tests.test_iteration_14.TestEmployeesScope" name="test_hr_admin_sees_full_org" time="0.384" /><testcase classname="backend.tests.test_iteration_14.TestEmployeesScope" name="test_finance_sees_org" time="0.401" /><testcase classname="backend.tests.test_iteration_14.TestEmployeesScope" name="test_employee_sees_only_own_row" time="0.373" /><testcase classname="backend.tests.test_iteration_14.TestLeaveScope" name="test_manager_leave_scope" time="0.437" /><testcase classname="backend.tests.test_iteration_14.TestIdConsistency" name="test_widget_ids_match_employees_list_ids" time="0.471" /><testcase classname="backend.tests.test_iteration_14.TestIdConsistency" name="test_employees_list_does_not_leak_mongodb_id" time="0.465" /><testcase classname="backend.tests.test_iteration_14.TestIdConsistency" name="test_employee_detail_reachable_for_lm_direct_report" time="0.577" /><testcase classname="backend.tests.test_iteration_14.TestIdConsistency" name="test_employees_list_no_id_leak_across_roles" time="2.861" /><testcase classname="backend.tests.test_iteration_14.TestIdConsistency" name="test_get_employee_by_id_matches_list_id" time="0.425" /><testcase classname="backend.tests.test_iteration_14.TestLineManagerScope" name="test_lm_profile_direct_report_200" time="0.502" /><testcase classname="backend.tests.test_iteration_14.TestLineManagerScope" name="test_lm_profile_not_direct_report_403" time="0.753" /><testcase classname="backend.tests.test_iteration_14.TestLineManagerScope" name="test_lm_detail_not_direct_report_403" time="0.782" /><testcase classname="backend.tests.test_iteration_14.TestLineManagerScope" name="test_widget_team_ids_match_employees_uuid" time="0.813" /></testsuite></testsuites>