<?xml version="1.0" encoding="utf-8"?><testsuites name="pytest tests"><testsuite name="pytest" errors="0" failures="0" skipped="0" tests="46" time="13.628" timestamp="2026-05-06T19:36:11.999444+00:00" hostname="agent-env-c6736bfa-873e-4896-bc63-22ede98f49c1"><testcase classname="tests.test_solvit_platform.TestHealth" name="test_health_endpoint" time="0.567" /><testcase classname="tests.test_solvit_platform.TestAuth" name="test_login_all_demo_users" time="3.567" /><testcase classname="tests.test_solvit_platform.TestAuth" name="test_bad_password_returns_401" time="0.745" /><testcase classname="tests.test_solvit_platform.TestAuth" name="test_auth_me" time="0.894" /><testcase classname="tests.test_solvit_platform.TestAuth" name="test_logout_clears_cookies" time="1.505" /><testcase classname="tests.test_solvit_platform.TestEmployees" name="test_list" time="0.195" /><testcase classname="tests.test_solvit_platform.TestEmployees" name="test_kanban" time="0.195" /><testcase classname="tests.test_solvit_platform.TestEmployees" name="test_stats" time="0.197" /><testcase classname="tests.test_solvit_platform.TestSolvers" name="test_list" time="0.187" /><testcase classname="tests.test_solvit_platform.TestSolvers" name="test_stats" time="0.187" /><testcase classname="tests.test_solvit_platform.TestRecruitment" name="test_list" time="0.154" /><testcase classname="tests.test_solvit_platform.TestRecruitment" name="test_pipeline" time="0.163" /><testcase classname="tests.test_solvit_platform.TestOnboarding" name="test_all" time="0.166" /><testcase classname="tests.test_solvit_platform.TestPerformance" name="test_list" time="0.157" /><testcase classname="tests.test_solvit_platform.TestPerformance" name="test_active_cycle" time="0.163" /><testcase classname="tests.test_solvit_platform.TestPerformance" name="test_nine_box" time="0.146" /><testcase classname="tests.test_solvit_platform.TestSurveys" name="test_windows" time="0.180" /><testcase classname="tests.test_solvit_platform.TestSurveys" name="test_questions_fte" time="0.202" /><testcase classname="tests.test_solvit_platform.TestRetention" name="test_list" time="0.162" /><testcase classname="tests.test_solvit_platform.TestRetention" name="test_risk_summary" time="0.161" /><testcase classname="tests.test_solvit_platform.TestRetention" name="test_exit_insights" time="0.146" /><testcase classname="tests.test_solvit_platform.TestLnD" name="test_training" time="0.152" /><testcase classname="tests.test_solvit_platform.TestCompensation" name="test_pay_bands" time="0.132" /><testcase classname="tests.test_solvit_platform.TestCompensation" name="test_pay_band_alerts" time="0.109" /><testcase classname="tests.test_solvit_platform.TestCompensation" name="test_bonus_calculator" time="0.101" /><testcase classname="tests.test_solvit_platform.TestRecognition" name="test_list" time="0.130" /><testcase classname="tests.test_solvit_platform.TestBudget" name="test_envelope" time="0.110" /><testcase classname="tests.test_solvit_platform.TestBudget" name="test_summary" time="0.115" /><testcase classname="tests.test_solvit_platform.TestBudget" name="test_budget_employee_forbidden" time="0.977" /><testcase classname="tests.test_solvit_platform.TestPolicies" name="test_list" time="0.084" /><testcase classname="tests.test_solvit_platform.TestDisciplinary" name="test_list" time="0.097" /><testcase classname="tests.test_solvit_platform.TestLeave" name="test_list" time="0.093" /><testcase classname="tests.test_solvit_platform.TestLeave" name="test_types" time="0.095" /><testcase classname="tests.test_solvit_platform.TestCalendar" name="test_calendar" time="0.085" /><testcase classname="tests.test_solvit_platform.TestCompliance" name="test_paye_calculator" time="0.072" /><testcase classname="tests.test_solvit_platform.TestCompliance" name="test_deadlines" time="0.070" /><testcase classname="tests.test_solvit_platform.TestCompliance" name="test_statutory" time="0.057" /><testcase classname="tests.test_solvit_platform.TestSettings" name="test_get_settings_masked" time="0.082" /><testcase classname="tests.test_solvit_platform.TestAIAgent" name="test_compliance_check_hr" time="0.069" /><testcase classname="tests.test_solvit_platform.TestAIAgent" name="test_compliance_check_employee_forbidden" time="0.175" /><testcase classname="tests.test_solvit_platform.TestAIAgent" name="test_chat_employee_forbidden" time="0.247" /><testcase classname="tests.test_solvit_platform.TestForms" name="test_list_forms" time="0.070" /><testcase classname="tests.test_solvit_platform.TestForms" name="test_get_form_01" time="0.063" /><testcase classname="tests.test_solvit_platform.TestForms" name="test_form_03_submit_autoscores" time="0.140" /><testcase classname="tests.test_solvit_platform.TestAutomation" name="test_list" time="0.071" /><testcase classname="tests.test_solvit_platform.TestAutomation" name="test_notifications" time="0.057" /></testsuite></testsuites>