<?xml version="1.0" encoding="utf-8"?><testsuites name="pytest tests"><testsuite name="pytest" errors="0" failures="0" skipped="0" tests="22" time="5.190" timestamp="2026-05-06T22:15:23.408326+00:00" hostname="agent-env-c6736bfa-873e-4896-bc63-22ede98f49c1"><testcase classname="backend.tests.test_iteration_6.TestItAdminLogin" name="test_it_admin_login_and_me" time="0.512" /><testcase classname="backend.tests.test_iteration_6.TestSettingsList" name="test_it_admin_full_write" time="0.073" /><testcase classname="backend.tests.test_iteration_6.TestSettingsList" name="test_hr_admin_section_write" time="0.462" /><testcase classname="backend.tests.test_iteration_6.TestSettingsList" name="test_finance_only_budget" time="0.435" /><testcase classname="backend.tests.test_iteration_6.TestSettingsList" name="test_employee_forbidden" time="0.417" /><testcase classname="backend.tests.test_iteration_6.TestCategoryFetch" name="test_organisation_defaults" time="0.073" /><testcase classname="backend.tests.test_iteration_6.TestCategoryFetch" name="test_get_all_returns_11" time="0.075" /><testcase classname="backend.tests.test_iteration_6.TestUpdateAndIntegration" name="test_put_budget_envelope_60_then_envelope_endpoint_reflects" time="0.339" /><testcase classname="backend.tests.test_iteration_6.TestUpdateAndIntegration" name="test_reset_envelope_to_50" time="0.231" /><testcase classname="backend.tests.test_iteration_6.TestUpdateAndIntegration" name="test_hr_admin_cannot_edit_budget" time="0.067" /><testcase classname="backend.tests.test_iteration_6.TestUpdateAndIntegration" name="test_hr_admin_can_edit_performance_and_talent_density" time="0.280" /><testcase classname="backend.tests.test_iteration_6.TestUpdateAndIntegration" name="test_attrition_target_integration" time="0.257" /><testcase classname="backend.tests.test_iteration_6.TestUpdateAndIntegration" name="test_allocation_threshold_integration" time="0.332" /><testcase classname="backend.tests.test_iteration_6.TestAuditAndReset" name="test_audit_log_it_admin" time="0.073" /><testcase classname="backend.tests.test_iteration_6.TestAuditAndReset" name="test_audit_log_line_manager_forbidden" time="0.548" /><testcase classname="backend.tests.test_iteration_6.TestAuditAndReset" name="test_reset_organisation_it_admin" time="0.069" /><testcase classname="backend.tests.test_iteration_6.TestAuditAndReset" name="test_reset_organisation_hr_admin_forbidden" time="0.060" /><testcase classname="backend.tests.test_iteration_6.TestBudgetVarianceFix" name="test_variance_returns_to_pool_on_spent" time="0.489" /><testcase classname="backend.tests.test_iteration_6.TestRegression" name="test_employees_list" time="0.067" /><testcase classname="backend.tests.test_iteration_6.TestRegression" name="test_forms_list" time="0.068" /><testcase classname="backend.tests.test_iteration_6.TestRegression" name="test_access_matrix" time="0.062" /><testcase classname="backend.tests.test_iteration_6.TestRegression" name="test_review_panel" time="0.137" /></testsuite></testsuites>