<?xml version="1.0" encoding="utf-8"?><testsuites name="pytest tests"><testsuite name="pytest" errors="0" failures="0" skipped="0" tests="18" time="2.810" timestamp="2026-05-11T13:36:53.474852+00:00" hostname="agent-env-c6736bfa-873e-4896-bc63-22ede98f49c1"><testcase classname="backend.tests.test_iteration_8.TestLeaveBalances" name="test_balances_returns_accrued" time="0.554" /><testcase classname="backend.tests.test_iteration_8.TestLeaveRollover" name="test_rollover_shape" time="0.073" /><testcase classname="backend.tests.test_iteration_8.TestLeaveCalendar" name="test_calendar_default" time="0.073" /><testcase classname="backend.tests.test_iteration_8.TestLeaveCalendar" name="test_calendar_explicit" time="0.075" /><testcase classname="backend.tests.test_iteration_8.TestLeaveCreateWithLM" name="test_create_with_line_manager_id" time="0.450" /><testcase classname="backend.tests.test_iteration_8.TestLeaveCreateWithLM" name="test_persisted_lm" time="0.069" /><testcase classname="backend.tests.test_iteration_8.TestLeaveCreateWithLM" name="test_cleanup" time="0.061" /><testcase classname="backend.tests.test_iteration_8.TestSkillsMatrix" name="test_get_empty" time="0.513" /><testcase classname="backend.tests.test_iteration_8.TestSkillsMatrix" name="test_upsert_skills" time="0.131" /><testcase classname="backend.tests.test_iteration_8.TestSkillsMatrix" name="test_cleanup_skills" time="0.069" /><testcase classname="backend.tests.test_iteration_8.TestPerformanceReviewGet" name="test_get_review_by_id" time="0.133" /><testcase classname="backend.tests.test_iteration_8.TestRegression" name="test_auth_me" time="0.071" /><testcase classname="backend.tests.test_iteration_8.TestRegression" name="test_employees" time="0.075" /><testcase classname="backend.tests.test_iteration_8.TestRegression" name="test_access_matrix" time="0.067" /><testcase classname="backend.tests.test_iteration_8.TestRegression" name="test_settings_masters" time="0.074" /><testcase classname="backend.tests.test_iteration_8.TestRegression" name="test_budget_summary" time="0.094" /><testcase classname="backend.tests.test_iteration_8.TestRegression" name="test_performance_list" time="0.065" /><testcase classname="backend.tests.test_iteration_8.TestRegression" name="test_talent_density" time="0.072" /></testsuite></testsuites>