<?xml version="1.0" encoding="utf-8"?><testsuites name="pytest tests"><testsuite name="pytest" errors="0" failures="0" skipped="0" tests="21" time="2.271" timestamp="2026-05-12T11:42:39.754203+00:00" hostname="agent-env-c6736bfa-873e-4896-bc63-22ede98f49c1"><testcase classname="backend.tests.test_iteration_9.TestDocuments" name="test_categories_returns_defaults" time="0.303" /><testcase classname="backend.tests.test_iteration_9.TestDocuments" name="test_list_employee_documents_empty_initially" time="0.086" /><testcase classname="backend.tests.test_iteration_9.TestDocuments" name="test_upload_view_delete_audit_cycle" time="0.262" /><testcase classname="backend.tests.test_iteration_9.TestDocuments" name="test_upload_rejects_oversize" time="0.112" /><testcase classname="backend.tests.test_iteration_9.TestDocuments" name="test_upload_rejects_bad_extension" time="0.046" /><testcase classname="backend.tests.test_iteration_9.TestDataImport" name="test_template_download_all_three" time="0.169" /><testcase classname="backend.tests.test_iteration_9.TestDataImport" name="test_validation_flags_required_field" time="0.189" /><testcase classname="backend.tests.test_iteration_9.TestDataImport" name="test_history_empty_or_returns_list" time="0.043" /><testcase classname="backend.tests.test_iteration_9.TestEmailTemplates" name="test_list_seeds_all_modules" time="0.290" /><testcase classname="backend.tests.test_iteration_9.TestEmailTemplates" name="test_hr_admin_view_only" time="0.047" /><testcase classname="backend.tests.test_iteration_9.TestEmailTemplates" name="test_edit_then_reset" time="0.046" /><testcase classname="backend.tests.test_iteration_9.TestEmailTemplates" name="test_preview_renders_merge_tags" time="0.044" /><testcase classname="backend.tests.test_iteration_9.TestEmailDelivery" name="test_get_returns_active_mode" time="0.043" /><testcase classname="backend.tests.test_iteration_9.TestEmailDelivery" name="test_hr_admin_view_only" time="0.045" /><testcase classname="backend.tests.test_iteration_9.TestEmailDelivery" name="test_update_mode_config_persists" time="0.045" /><testcase classname="backend.tests.test_iteration_9.TestEmailDelivery" name="test_switch_logs_audit" time="0.130" /><testcase classname="backend.tests.test_iteration_9.TestOnboardingTour" name="test_my_tour_returns_role_steps" time="0.003" /><testcase classname="backend.tests.test_iteration_9.TestOnboardingTour" name="test_mark_complete_then_state_reflects" time="0.170" /><testcase classname="backend.tests.test_iteration_9.TestOnboardingTour" name="test_config_it_admin_only" time="0.045" /><testcase classname="backend.tests.test_iteration_9.TestOnboardingTour" name="test_config_update" time="0.044" /><testcase classname="backend.tests.test_iteration_9.TestOnboardingTour" name="test_report_returns_role_breakdown" time="0.043" /></testsuite></testsuites>