<?xml version="1.0" encoding="utf-8"?><testsuites name="pytest tests"><testsuite name="pytest" errors="0" failures="2" skipped="0" tests="81" time="13.627" timestamp="2026-05-06T21:05:17.275005+00:00" hostname="agent-env-c6736bfa-873e-4896-bc63-22ede98f49c1"><testcase classname="backend.tests.test_iteration_2.TestEmployeesIncludeExited" name="test_default_excludes_exited" time="0.475" /><testcase classname="backend.tests.test_iteration_2.TestEmployeesIncludeExited" name="test_include_exited_true" time="0.124" /><testcase classname="backend.tests.test_iteration_2.TestEmployeeProfile" name="test_hr_can_view_any_profile" time="0.140" /><testcase classname="backend.tests.test_iteration_2.TestEmployeeProfile" name="test_employee_can_view_self" time="0.483" /><testcase classname="backend.tests.test_iteration_2.TestEmployeeProfile" name="test_employee_cannot_view_other" time="0.140" /><testcase classname="backend.tests.test_iteration_2.TestForms" name="test_list_32_forms" time="0.066" /><testcase classname="backend.tests.test_iteration_2.TestForms" name="test_form_22" time="0.067" /><testcase classname="backend.tests.test_iteration_2.TestForms" name="test_form_23" time="0.071" /><testcase classname="backend.tests.test_iteration_2.TestForms" name="test_form_04_likert" time="0.067" /><testcase classname="backend.tests.test_iteration_2.TestForms" name="test_form_09_pip_smart" time="0.060" /><testcase classname="backend.tests.test_iteration_2.TestForms" name="test_form_03_submit_full_quiz" time="0.130" /><testcase classname="backend.tests.test_iteration_2.TestStayInterviews" name="test_list_has_seeded" time="0.064" /><testcase classname="backend.tests.test_iteration_2.TestStayInterviews" name="test_create" time="0.063" /><testcase classname="backend.tests.test_iteration_2.TestStayInterviews" name="test_update_to_completed" time="0.065" /><testcase classname="backend.tests.test_iteration_2.TestStayInterviews" name="test_employee_forbidden" time="0.065" /><testcase classname="backend.tests.test_iteration_2.TestNotifications" name="test_list_has_4_seeded" time="0.063" /><testcase classname="backend.tests.test_iteration_2.TestNotifications" name="test_mark_read_decreases_unread" time="0.293" /><testcase classname="backend.tests.test_iteration_2.TestSettingsEmail" name="test_email_test_skipped_when_no_provider" time="0.287" /><testcase classname="backend.tests.test_iteration_2.TestSettingsEmail" name="test_email_test_employee_forbidden" time="0.064" /><testcase classname="backend.tests.test_iteration_2.TestSettingsEmail" name="test_put_sendgrid_settings_masks_key" time="0.120"><failure message="AssertionError: email_api_key should contain '*' mask, got: SG.T...7890&#10;assert ('*' in 'SG.T...7890' or 'configured' in 'sg.t...7890')&#10; +  where 'sg.t...7890' = &lt;built-in method lower of str object at 0xfc39c56a7130&gt;()&#10; +    where &lt;built-in method lower of str object at 0xfc39c56a7130&gt; = 'SG.T...7890'.lower">E   AssertionError: email_api_key should contain '*' mask, got: SG.T...7890
    assert ('*' in 'SG.T...7890' or 'configured' in 'sg.t...7890')
     +  where 'sg.t...7890' = &lt;built-in method lower of str object at 0xfc39c56a7130&gt;()
     +    where &lt;built-in method lower of str object at 0xfc39c56a7130&gt; = 'SG.T...7890'.lower</failure></testcase><testcase classname="backend.tests.test_iteration_2.TestResetDemoData" name="test_employee_forbidden" time="0.065" /><testcase classname="backend.tests.test_iteration_2.TestResetDemoData" name="test_reset_and_verify_seed_counts" time="0.263" /><testcase classname="backend.tests.test_iteration_3.TestFormsListMetadata" name="test_forms_returns_32_with_workflow" time="0.480" /><testcase classname="backend.tests.test_iteration_3.TestFormsListMetadata" name="test_form06_workflow" time="0.071" /><testcase classname="backend.tests.test_iteration_3.TestFormsListMetadata" name="test_form15_three_step" time="0.075" /><testcase classname="backend.tests.test_iteration_3.TestFormsListMetadata" name="test_form23_sections_and_finance" time="0.074" /><testcase classname="backend.tests.test_iteration_3.TestFormWorkflowSigning" name="test_a_start_form15" time="0.144" /><testcase classname="backend.tests.test_iteration_3.TestFormWorkflowSigning" name="test_b_sign_step1_employee" time="0.082" /><testcase classname="backend.tests.test_iteration_3.TestFormWorkflowSigning" name="test_c_sign_step2_line_manager" time="0.445" /><testcase classname="backend.tests.test_iteration_3.TestFormWorkflowSigning" name="test_d_sign_step3_hr_admin_completes" time="0.080" /><testcase classname="backend.tests.test_iteration_3.TestSubmitMissingSigs" name="test_submit_missing_required_returns_400" time="0.073" /><testcase classname="backend.tests.test_iteration_3.TestMyTasks" name="test_my_tasks_returns_list" time="0.715" /><testcase classname="backend.tests.test_iteration_3.TestTalentDensity" name="test_hr_admin_can_access" time="0.087" /><testcase classname="backend.tests.test_iteration_3.TestTalentDensity" name="test_employee_forbidden" time="0.487" /><testcase classname="backend.tests.test_iteration_3.TestVoluntaryAttrition" name="test_hr_admin_can_access" time="0.093" /><testcase classname="backend.tests.test_solvit_platform.TestHealth" name="test_health_endpoint" time="0.179" /><testcase classname="backend.tests.test_solvit_platform.TestAuth" name="test_login_all_demo_users" time="2.163" /><testcase classname="backend.tests.test_solvit_platform.TestAuth" name="test_bad_password_returns_401" time="0.385" /><testcase classname="backend.tests.test_solvit_platform.TestAuth" name="test_auth_me" time="0.431" /><testcase classname="backend.tests.test_solvit_platform.TestAuth" name="test_logout_clears_cookies" time="0.463" /><testcase classname="backend.tests.test_solvit_platform.TestEmployees" name="test_list" time="0.085"><failure message="AssertionError: Expected &gt;=10 seeded employees, got 9&#10;assert 9 &gt;= 10&#10; +  where 9 = len([{'_id': '69fbad10f538978358ec1654', 'created_at': '2026-05-06T21:05:20.363586+00:00', 'current_salary_kes': 115000, 'department': 'Operations', ...}, {'_id': '69fbad10f538978358ec165a', 'created_at': '2026-05-06T21:05:20.363631+00:00', 'current_salary_kes': 100000, 'department': 'Operations', ...}, {'_id': '69fbad10f538978358ec1656', 'created_at': '2026-05-06T21:05:20.363601+00:00', 'current_salary_kes': 72000, 'department': 'Commercial', ...}, {'_id': '69fbad10f538978358ec1653', 'created_at': '2026-05-06T21:05:20.363574+00:00', 'current_salary_kes': 85000, 'department': 'HR_People', ...}, {'_id': '69fbad10f538978358ec1659', 'created_at': '2026-05-06T21:05:20.363624+00:00', 'current_salary_kes': 95000, 'department': 'Technology', ...}, {'_id': '69fbad10f538978358ec1658', 'created_at': '2026-05-06T21:05:20.363617+00:00', 'current_salary_kes': 53000, 'department': 'Commercial', ...}, ...])">E   AssertionError: Expected &gt;=10 seeded employees, got 9
    assert 9 &gt;= 10
     +  where 9 = len([{'_id': '69fbad10f538978358ec1654', 'created_at': '2026-05-06T21:05:20.363586+00:00', 'current_salary_kes': 115000, 'department': 'Operations', ...}, {'_id': '69fbad10f538978358ec165a', 'created_at': '2026-05-06T21:05:20.363631+00:00', 'current_salary_kes': 100000, 'department': 'Operations', ...}, {'_id': '69fbad10f538978358ec1656', 'created_at': '2026-05-06T21:05:20.363601+00:00', 'current_salary_kes': 72000, 'department': 'Commercial', ...}, {'_id': '69fbad10f538978358ec1653', 'created_at': '2026-05-06T21:05:20.363574+00:00', 'current_salary_kes': 85000, 'department': 'HR_People', ...}, {'_id': '69fbad10f538978358ec1659', 'created_at': '2026-05-06T21:05:20.363624+00:00', 'current_salary_kes': 95000, 'department': 'Technology', ...}, {'_id': '69fbad10f538978358ec1658', 'created_at': '2026-05-06T21:05:20.363617+00:00', 'current_salary_kes': 53000, 'department': 'Commercial', ...}, ...])</failure></testcase><testcase classname="backend.tests.test_solvit_platform.TestEmployees" name="test_kanban" time="0.073" /><testcase classname="backend.tests.test_solvit_platform.TestEmployees" name="test_stats" time="0.075" /><testcase classname="backend.tests.test_solvit_platform.TestSolvers" name="test_list" time="0.081" /><testcase classname="backend.tests.test_solvit_platform.TestSolvers" name="test_stats" time="0.086" /><testcase classname="backend.tests.test_solvit_platform.TestRecruitment" name="test_list" time="0.083" /><testcase classname="backend.tests.test_solvit_platform.TestRecruitment" name="test_pipeline" time="0.078" /><testcase classname="backend.tests.test_solvit_platform.TestOnboarding" name="test_all" time="0.073" /><testcase classname="backend.tests.test_solvit_platform.TestPerformance" name="test_list" time="0.075" /><testcase classname="backend.tests.test_solvit_platform.TestPerformance" name="test_active_cycle" time="0.083" /><testcase classname="backend.tests.test_solvit_platform.TestPerformance" name="test_nine_box" time="0.076" /><testcase classname="backend.tests.test_solvit_platform.TestSurveys" name="test_windows" time="0.081" /><testcase classname="backend.tests.test_solvit_platform.TestSurveys" name="test_questions_fte" time="0.086" /><testcase classname="backend.tests.test_solvit_platform.TestRetention" name="test_list" time="0.082" /><testcase classname="backend.tests.test_solvit_platform.TestRetention" name="test_risk_summary" time="0.074" /><testcase classname="backend.tests.test_solvit_platform.TestRetention" name="test_exit_insights" time="0.083" /><testcase classname="backend.tests.test_solvit_platform.TestLnD" name="test_training" time="0.074" /><testcase classname="backend.tests.test_solvit_platform.TestCompensation" name="test_pay_bands" time="0.072" /><testcase classname="backend.tests.test_solvit_platform.TestCompensation" name="test_pay_band_alerts" time="0.078" /><testcase classname="backend.tests.test_solvit_platform.TestCompensation" name="test_bonus_calculator" time="0.078" /><testcase classname="backend.tests.test_solvit_platform.TestRecognition" name="test_list" time="0.072" /><testcase classname="backend.tests.test_solvit_platform.TestBudget" name="test_envelope" time="0.072" /><testcase classname="backend.tests.test_solvit_platform.TestBudget" name="test_summary" time="0.070" /><testcase classname="backend.tests.test_solvit_platform.TestBudget" name="test_budget_employee_forbidden" time="0.458" /><testcase classname="backend.tests.test_solvit_platform.TestPolicies" name="test_list" time="0.087" /><testcase classname="backend.tests.test_solvit_platform.TestDisciplinary" name="test_list" time="0.077" /><testcase classname="backend.tests.test_solvit_platform.TestLeave" name="test_list" time="0.076" /><testcase classname="backend.tests.test_solvit_platform.TestLeave" name="test_types" time="0.117" /><testcase classname="backend.tests.test_solvit_platform.TestCalendar" name="test_calendar" time="0.094" /><testcase classname="backend.tests.test_solvit_platform.TestCompliance" name="test_paye_calculator" time="0.093" /><testcase classname="backend.tests.test_solvit_platform.TestCompliance" name="test_deadlines" time="0.079" /><testcase classname="backend.tests.test_solvit_platform.TestCompliance" name="test_statutory" time="0.080" /><testcase classname="backend.tests.test_solvit_platform.TestSettings" name="test_get_settings_masked" time="0.080" /><testcase classname="backend.tests.test_solvit_platform.TestAIAgent" name="test_compliance_check_hr" time="0.083" /><testcase classname="backend.tests.test_solvit_platform.TestAIAgent" name="test_compliance_check_employee_forbidden" time="0.077" /><testcase classname="backend.tests.test_solvit_platform.TestAIAgent" name="test_chat_employee_forbidden" time="0.078" /><testcase classname="backend.tests.test_solvit_platform.TestForms" name="test_list_forms" time="0.081" /><testcase classname="backend.tests.test_solvit_platform.TestForms" name="test_get_form_01" time="0.074" /><testcase classname="backend.tests.test_solvit_platform.TestForms" name="test_form_03_submit_autoscores" time="0.155" /><testcase classname="backend.tests.test_solvit_platform.TestAutomation" name="test_list" time="0.094" /><testcase classname="backend.tests.test_solvit_platform.TestAutomation" name="test_notifications" time="0.089" /></testsuite></testsuites>