<?xml version="1.0" encoding="utf-8"?><testsuites name="pytest tests"><testsuite name="pytest" errors="0" failures="0" skipped="1" tests="24" time="11.905" timestamp="2026-05-06T21:28:44.067904+00:00" hostname="agent-env-c6736bfa-873e-4896-bc63-22ede98f49c1"><testcase classname="backend.tests.test_iteration_4.TestAccessMatrix" name="test_matrix_hr_admin_19_modules" time="0.451" /><testcase classname="backend.tests.test_iteration_4.TestAccessMatrix" name="test_matrix_employee_view" time="0.436" /><testcase classname="backend.tests.test_iteration_4.TestAccessMatrix" name="test_matrix_line_manager_view" time="0.432" /><testcase classname="backend.tests.test_iteration_4.TestAccessMatrix" name="test_matrix_solver_view" time="0.411" /><testcase classname="backend.tests.test_iteration_4.TestAccessMatrix" name="test_check_module_endpoint" time="0.067" /><testcase classname="backend.tests.test_iteration_4.TestAccessMatrix" name="test_check_module_no_access" time="0.074" /><testcase classname="backend.tests.test_iteration_4.TestReviewPanel" name="test_standard_panel" time="0.140" /><testcase classname="backend.tests.test_iteration_4.TestReviewPanel" name="test_md_direct_report_panel" time="0.203"><skipped type="pytest.skip" message="PUT /employees did not persist reports_to_md; panel_type=standard">/app/backend/tests/test_iteration_4.py:154: PUT /employees did not persist reports_to_md; panel_type=standard</skipped></testcase><testcase classname="backend.tests.test_iteration_4.TestReviewPanel" name="test_md_employee_board_led" time="0.132" /><testcase classname="backend.tests.test_iteration_4.TestDestructiveActions" name="test_hr_manager_blocked_from_transition" time="0.141" /><testcase classname="backend.tests.test_iteration_4.TestDestructiveActions" name="test_hr_admin_can_transition" time="0.130" /><testcase classname="backend.tests.test_iteration_4.TestFormOutcomes" name="test_form31_resignation_transitions_to_exiting_and_creates_7_tasks" time="1.831" /><testcase classname="backend.tests.test_iteration_4.TestFormOutcomes" name="test_form08_pass_transitions_probation_to_active" time="1.693" /><testcase classname="backend.tests.test_iteration_4.TestFormOutcomes" name="test_form08_fail_transitions_probation_to_exiting" time="1.699" /><testcase classname="backend.tests.test_iteration_4.TestFormOutcomes" name="test_form09_pip_activation" time="1.697" /><testcase classname="backend.tests.test_iteration_4.TestFormOutcomes" name="test_form10_realignment_activation" time="1.706" /><testcase classname="backend.tests.test_iteration_4.TestRegression" name="test_auth_me" time="0.071" /><testcase classname="backend.tests.test_iteration_4.TestRegression" name="test_employees_list" time="0.070" /><testcase classname="backend.tests.test_iteration_4.TestRegression" name="test_employees_kanban" time="0.074" /><testcase classname="backend.tests.test_iteration_4.TestRegression" name="test_talent_density" time="0.071" /><testcase classname="backend.tests.test_iteration_4.TestRegression" name="test_voluntary_attrition" time="0.075" /><testcase classname="backend.tests.test_iteration_4.TestRegression" name="test_forms_list" time="0.070" /><testcase classname="backend.tests.test_iteration_4.TestRegression" name="test_my_tasks" time="0.086" /><testcase classname="backend.tests.test_iteration_4.TestRegression" name="test_notifications" time="0.077" /></testsuite></testsuites>