<?xml version="1.0" encoding="utf-8"?><testsuites name="pytest tests"><testsuite name="pytest" errors="0" failures="2" skipped="0" tests="12" time="5.091" timestamp="2026-05-13T13:42:13.771273+00:00" hostname="agent-env-c6736bfa-873e-4896-bc63-22ede98f49c1"><testcase classname="backend.tests.test_iteration_14.TestLineManagerWidget" name="test_manager_widget_shape_and_team" time="0.453" /><testcase classname="backend.tests.test_iteration_14.TestLineManagerWidget" name="test_solver_widget_forbidden" time="0.412" /><testcase classname="backend.tests.test_iteration_14.TestLineManagerWidget" name="test_hr_admin_widget_ok" time="0.412" /><testcase classname="backend.tests.test_iteration_14.TestLineManagerWidget" name="test_it_admin_widget_ok" time="0.405" /><testcase classname="backend.tests.test_iteration_14.TestEmployeesScope" name="test_manager_sees_only_self_plus_direct_reports" time="0.383" /><testcase classname="backend.tests.test_iteration_14.TestEmployeesScope" name="test_hr_admin_sees_full_org" time="0.412" /><testcase classname="backend.tests.test_iteration_14.TestEmployeesScope" name="test_finance_sees_org" time="0.389" /><testcase classname="backend.tests.test_iteration_14.TestEmployeesScope" name="test_employee_sees_only_own_row" time="0.405" /><testcase classname="backend.tests.test_iteration_14.TestLeaveScope" name="test_manager_leave_scope" time="0.424" /><testcase classname="backend.tests.test_iteration_14.TestIdConsistency" name="test_widget_ids_match_employees_list_ids" time="0.436"><failure message="AssertionError: Line-Manager widget IDs do NOT match /api/employees ids (widget rows will navigate to wrong /employees/&lt;id&gt; URL): [('James Kamau', '9e19b14f-42eb-4b93-b339-777d9efc18b2', '6a0317a53cab1d886500984b'), ('Robert Kiprotich', '77f21c55-a01f-469a-ae44-656c66499adf', '6a0317a53cab1d886500984e')]&#10;assert not [('James Kamau', '9e19b14f-42eb-4b93-b339-777d9efc18b2', '6a0317a53cab1d886500984b'), ('Robert Kiprotich', '77f21c55-a01f-469a-ae44-656c66499adf', '6a0317a53cab1d886500984e')]">backend/tests/test_iteration_14.py:166: in test_widget_ids_match_employees_list_ids
    assert not mismatches, (
E   AssertionError: Line-Manager widget IDs do NOT match /api/employees ids (widget rows will navigate to wrong /employees/&lt;id&gt; URL): [('James Kamau', '9e19b14f-42eb-4b93-b339-777d9efc18b2', '6a0317a53cab1d886500984b'), ('Robert Kiprotich', '77f21c55-a01f-469a-ae44-656c66499adf', '6a0317a53cab1d886500984e')]
E   assert not [('James Kamau', '9e19b14f-42eb-4b93-b339-777d9efc18b2', '6a0317a53cab1d886500984b'), ('Robert Kiprotich', '77f21c55-a01f-469a-ae44-656c66499adf', '6a0317a53cab1d886500984e')]</failure></testcase><testcase classname="backend.tests.test_iteration_14.TestIdConsistency" name="test_employees_list_does_not_leak_mongodb_id" time="0.364"><failure message="AssertionError: /api/employees response leaks Mongo _id for: ['David Ochieng', 'James Kamau', 'Robert Kiprotich']&#10;assert not ['David Ochieng', 'James Kamau', 'Robert Kiprotich']">backend/tests/test_iteration_14.py:176: in test_employees_list_does_not_leak_mongodb_id
    assert not leaks, f"/api/employees response leaks Mongo _id for: {leaks}"
E   AssertionError: /api/employees response leaks Mongo _id for: ['David Ochieng', 'James Kamau', 'Robert Kiprotich']
E   assert not ['David Ochieng', 'James Kamau', 'Robert Kiprotich']</failure></testcase><testcase classname="backend.tests.test_iteration_14.TestIdConsistency" name="test_employee_detail_reachable_for_lm_direct_report" time="0.492" /></testsuite></testsuites>