<?xml version="1.0" encoding="utf-8"?><testsuites name="pytest tests"><testsuite name="pytest" errors="0" failures="0" skipped="0" tests="19" time="5.587" timestamp="2026-05-13T16:36:01.715032+00:00" hostname="agent-env-c6736bfa-873e-4896-bc63-22ede98f49c1"><testcase classname="backend.tests.test_iteration_17.TestMatrixCellUpdate" name="test_put_cell_as_itadmin_takes_effect" time="3.497" /><testcase classname="backend.tests.test_iteration_17.TestMatrixCellUpdate" name="test_put_cell_as_non_itadmin_403" time="0.074" /><testcase classname="backend.tests.test_iteration_17.TestMatrixCellUpdate" name="test_put_cell_invalid_module" time="0.060" /><testcase classname="backend.tests.test_iteration_17.TestMatrixCellUpdate" name="test_put_cell_invalid_role" time="0.082" /><testcase classname="backend.tests.test_iteration_17.TestMatrixCellUpdate" name="test_put_cell_invalid_level" time="0.069" /><testcase classname="backend.tests.test_iteration_17.TestMatrixCellReset" name="test_delete_cell_reverts_to_seed_default" time="0.211" /><testcase classname="backend.tests.test_iteration_17.TestCustomRoleCreate" name="test_create_role_as_itadmin" time="0.059" /><testcase classname="backend.tests.test_iteration_17.TestCustomRoleCreate" name="test_duplicate_returns_400" time="0.062" /><testcase classname="backend.tests.test_iteration_17.TestCustomRoleCreate" name="test_invalid_inherits_from_400" time="0.072" /><testcase classname="backend.tests.test_iteration_17.TestCustomRoleCreate" name="test_non_itadmin_403" time="0.091" /><testcase classname="backend.tests.test_iteration_17.TestMatrixIncludesCustomRole" name="test_custom_role_in_matrix" time="0.054" /><testcase classname="backend.tests.test_iteration_17.TestAssignCustomRole" name="test_assign_custom_role_to_solver" time="0.334" /><testcase classname="backend.tests.test_iteration_17.TestCustomRoleDelete" name="test_delete_system_role_400" time="0.058" /><testcase classname="backend.tests.test_iteration_17.TestCustomRoleDelete" name="test_delete_unknown_404" time="0.060" /><testcase classname="backend.tests.test_iteration_17.TestCustomRoleDelete" name="test_delete_role_rebases_users" time="0.313" /><testcase classname="backend.tests.test_iteration_17.TestIter16Regression" name="test_matrix_full_payload" time="0.061" /><testcase classname="backend.tests.test_iteration_17.TestIter16Regression" name="test_users_list" time="0.050" /><testcase classname="backend.tests.test_iteration_17.TestIter16Regression" name="test_users_list_hradmin_forbidden" time="0.084" /><testcase classname="backend.tests.test_iteration_17.TestIter16Regression" name="test_m18_finance_check" time="0.222" /></testsuite></testsuites>