<?xml version="1.0" encoding="utf-8"?><testsuites name="pytest tests"><testsuite name="pytest" errors="0" failures="0" skipped="0" tests="29" time="5.388" timestamp="2026-05-07T15:47:39.578671+00:00" hostname="agent-env-c6736bfa-873e-4896-bc63-22ede98f49c1"><testcase classname="backend.tests.test_iteration_7.TestBoardAuth" name="test_board_login_role" time="1.005" /><testcase classname="backend.tests.test_iteration_7.TestEmployeeBoardScoping" name="test_board_sees_md_and_ed" time="0.074" /><testcase classname="backend.tests.test_iteration_7.TestEmployeeBoardScoping" name="test_hr_admin_hides_md_and_ed" time="0.473" /><testcase classname="backend.tests.test_iteration_7.TestEmployeeBoardScoping" name="test_hr_get_md_403" time="0.100" /><testcase classname="backend.tests.test_iteration_7.TestEmployeeBoardScoping" name="test_hr_get_ed_403" time="0.142" /><testcase classname="backend.tests.test_iteration_7.TestEmployeeBoardScoping" name="test_board_get_md_200" time="0.067" /><testcase classname="backend.tests.test_iteration_7.TestReviewPanel" name="test_md_panel_board_led" time="0.069" /><testcase classname="backend.tests.test_iteration_7.TestReviewPanel" name="test_ed_panel_board_led" time="0.084" /><testcase classname="backend.tests.test_iteration_7.TestReviewPanel" name="test_sarah_md_direct_report_panel" time="0.161" /><testcase classname="backend.tests.test_iteration_7.TestReviewPanel" name="test_grace_solvers_mgr_finance_ops_report" time="0.140" /><testcase classname="backend.tests.test_iteration_7.TestMdKpis" name="test_board_can_read" time="0.075" /><testcase classname="backend.tests.test_iteration_7.TestMdKpis" name="test_hr_403" time="0.074" /><testcase classname="backend.tests.test_iteration_7.TestDemoDataRoles" name="test_sarah_finance_ops_mgr" time="0.076" /><testcase classname="backend.tests.test_iteration_7.TestDemoDataRoles" name="test_lillian_growth_captain" time="0.079" /><testcase classname="backend.tests.test_iteration_7.TestDemoDataRoles" name="test_daniel_tech_services_mgr" time="0.074" /><testcase classname="backend.tests.test_iteration_7.TestLeaveTypesSettings" name="test_default_leave_types" time="0.493" /><testcase classname="backend.tests.test_iteration_7.TestLeaveTypesSettings" name="test_remove_compassionate" time="0.282" /><testcase classname="backend.tests.test_iteration_7.TestProbationFromSettings" name="test_default_3_months" time="0.146" /><testcase classname="backend.tests.test_iteration_7.TestProbationFromSettings" name="test_changed_to_6_months" time="0.398" /><testcase classname="backend.tests.test_iteration_7.TestProbationFromSettings" name="test_cleanup" time="0.157" /><testcase classname="backend.tests.test_iteration_7.TestPayeCalculator" name="test_paye_calc" time="0.072" /><testcase classname="backend.tests.test_iteration_7.TestExports" name="test_employees_csv_hr" time="0.076" /><testcase classname="backend.tests.test_iteration_7.TestExports" name="test_employees_csv_employee_403" time="0.411" /><testcase classname="backend.tests.test_iteration_7.TestExports" name="test_pay_bands_csv" time="0.079" /><testcase classname="backend.tests.test_iteration_7.TestExports" name="test_budget_allocations_csv" time="0.074" /><testcase classname="backend.tests.test_iteration_7.TestForm28" name="test_hr_blocked_with_finance_ops_wording" time="0.137" /><testcase classname="backend.tests.test_iteration_7.TestRegression" name="test_access_matrix" time="0.091" /><testcase classname="backend.tests.test_iteration_7.TestRegression" name="test_settings_masters" time="0.073" /><testcase classname="backend.tests.test_iteration_7.TestRegression" name="test_budget_envelope" time="0.088" /></testsuite></testsuites>