<?xml version="1.0" encoding="utf-8"?><testsuites name="pytest tests"><testsuite name="pytest" errors="0" failures="0" skipped="3" tests="22" time="90.176" timestamp="2026-05-14T16:56:20.145785+00:00" hostname="agent-env-c6736bfa-873e-4896-bc63-22ede98f49c1"><testcase classname="backend.tests.test_iteration_18.TestEmailLogEndpoint" name="test_list_as_it_admin" time="2.982" /><testcase classname="backend.tests.test_iteration_18.TestEmailLogEndpoint" name="test_list_as_hr_admin" time="0.064" /><testcase classname="backend.tests.test_iteration_18.TestEmailLogEndpoint" name="test_employee_forbidden" time="0.049" /><testcase classname="backend.tests.test_iteration_18.TestEmailLogEndpoint" name="test_solver_forbidden" time="0.084" /><testcase classname="backend.tests.test_iteration_18.TestEmailLogEndpoint" name="test_status_filter_failed" time="0.066" /><testcase classname="backend.tests.test_iteration_18.TestTriggers" name="test_onboarding_welcome" time="0.559" /><testcase classname="backend.tests.test_iteration_18.TestTriggers" name="test_performance_review_complete" time="2.757" /><testcase classname="backend.tests.test_iteration_18.TestTriggers" name="test_recognition_peer" time="2.763" /><testcase classname="backend.tests.test_iteration_18.TestTriggers" name="test_recognition_manager" time="2.763" /><testcase classname="backend.tests.test_iteration_18.TestTriggers" name="test_disciplinary_notices[Written Warning-disciplinary.written]" time="2.813" /><testcase classname="backend.tests.test_iteration_18.TestTriggers" name="test_disciplinary_notices[Final Warning-disciplinary.final]" time="2.760" /><testcase classname="backend.tests.test_iteration_18.TestTriggers" name="test_disciplinary_notices[Dismissal-disciplinary.dismissal]" time="2.774" /><testcase classname="backend.tests.test_iteration_18.TestTriggers" name="test_comp_salary_review" time="2.758" /><testcase classname="backend.tests.test_iteration_18.TestTriggers" name="test_recruitment_flow" time="11.148" /><testcase classname="backend.tests.test_iteration_18.TestTriggers" name="test_policy_published" time="39.039" /><testcase classname="backend.tests.test_iteration_18.TestTriggers" name="test_projects_lifecycle" time="5.484" /><testcase classname="backend.tests.test_iteration_18.TestTriggers" name="test_lnd_training_request" time="2.801" /><testcase classname="backend.tests.test_iteration_18.TestTriggers" name="test_lnd_bulk_assign" time="2.780" /><testcase classname="backend.tests.test_iteration_18.TestTriggers" name="test_solver_activation" time="0.065"><skipped type="pytest.skip" message="no solver has an email — trigger would silently skip (CODE GAP REPORTED)">/app/backend/tests/test_iteration_18.py:295: no solver has an email — trigger would silently skip (CODE GAP REPORTED)</skipped></testcase><testcase classname="backend.tests.test_iteration_18.TestTriggers" name="test_solver_tier_upgrade" time="0.059"><skipped type="pytest.skip" message="no solver has an email">/app/backend/tests/test_iteration_18.py:305: no solver has an email</skipped></testcase><testcase classname="backend.tests.test_iteration_18.TestTriggers" name="test_solver_suspension" time="0.062"><skipped type="pytest.skip" message="no solver has an email">/app/backend/tests/test_iteration_18.py:315: no solver has an email</skipped></testcase><testcase classname="backend.tests.test_iteration_18.TestLeaveRegression" name="test_leave_received_and_pending_lm" time="5.450" /></testsuite></testsuites>