<?xml version="1.0" encoding="utf-8"?><testsuites name="pytest tests"><testsuite name="pytest" errors="0" failures="0" skipped="0" tests="9" time="3.784" timestamp="2026-05-13T13:23:35.486287+00:00" hostname="agent-env-c6736bfa-873e-4896-bc63-22ede98f49c1"><testcase classname="backend.tests.test_iteration_13.TestHierarchy" name="test_me_line_manager_name[jessica@solvit.co.ke-Michael Omondi]" time="0.516" /><testcase classname="backend.tests.test_iteration_13.TestHierarchy" name="test_me_line_manager_name[manager@solvit.co.ke-Sarah Njoroge]" time="0.394" /><testcase classname="backend.tests.test_iteration_13.TestHierarchy" name="test_me_line_manager_name[finance@solvit.co.ke-Michael Omondi]" time="0.411" /><testcase classname="backend.tests.test_iteration_13.TestHierarchy" name="test_me_line_manager_name[employee@solvit.co.ke-David Ochieng]" time="0.383" /><testcase classname="backend.tests.test_iteration_13.TestHierarchy" name="test_me_line_manager_name[md@solvit.co.ke-Board Chair]" time="0.374" /><testcase classname="backend.tests.test_iteration_13.TestHierarchy" name="test_me_line_manager_name[ed@solvit.co.ke-Board Chair]" time="0.380" /><testcase classname="backend.tests.test_iteration_13.TestMandatoryLM" name="test_missing_lm_returns_422" time="0.412" /><testcase classname="backend.tests.test_iteration_13.TestMandatoryLM" name="test_bad_lm_returns_400" time="0.372" /><testcase classname="backend.tests.test_iteration_13.TestMandatoryLM" name="test_valid_lm_succeeds_and_persists" time="0.480" /></testsuite></testsuites>