<?xml version="1.0" encoding="utf-8"?><testsuites name="pytest tests"><testsuite name="pytest" errors="0" failures="0" skipped="0" tests="14" time="5.295" timestamp="2026-05-13T15:58:59.106533+00:00" hostname="agent-env-c6736bfa-873e-4896-bc63-22ede98f49c1"><testcase classname="backend.tests.test_iteration_16.TestFinanceLeaveAccess" name="test_finance_access_check_m18_returns_manage" time="3.451" /><testcase classname="backend.tests.test_iteration_16.TestFinanceLeaveAccess" name="test_finance_employees_me_returns_employee_id" time="0.080" /><testcase classname="backend.tests.test_iteration_16.TestFinanceLeaveAccess" name="test_finance_can_post_leave_with_employee_id" time="0.612" /><testcase classname="backend.tests.test_iteration_16.TestM18Regression" name="test_role_has_m18[hr_admin-Full]" time="0.072" /><testcase classname="backend.tests.test_iteration_16.TestM18Regression" name="test_role_has_m18[line_manager-Manage]" time="0.053" /><testcase classname="backend.tests.test_iteration_16.TestM18Regression" name="test_role_has_m18[employee-Manage]" time="0.076" /><testcase classname="backend.tests.test_iteration_16.TestM18Regression" name="test_role_has_m18[executive-Manage]" time="0.069" /><testcase classname="backend.tests.test_iteration_16.TestM18Regression" name="test_solver_blocked_on_m18" time="0.074" /><testcase classname="backend.tests.test_iteration_16.TestAccessMatrixEndpoint" name="test_matrix_returns_full_payload_as_itadmin" time="0.055" /><testcase classname="backend.tests.test_iteration_16.TestAccessUsersEndpoint" name="test_list_users_as_itadmin" time="0.058" /><testcase classname="backend.tests.test_iteration_16.TestAccessUsersEndpoint" name="test_list_users_as_hradmin_forbidden" time="0.075" /><testcase classname="backend.tests.test_iteration_16.TestUpdateUserRole" name="test_invalid_role_returns_400" time="0.107" /><testcase classname="backend.tests.test_iteration_16.TestUpdateUserRole" name="test_hradmin_cannot_change_role" time="0.125" /><testcase classname="backend.tests.test_iteration_16.TestUpdateUserRole" name="test_itadmin_can_change_and_revert" time="0.170" /></testsuite></testsuites>